<?xml version="1.0" encoding="UTF-8"?>
<testsuite xmlns:xsi="http://www.w3.org/2001/XMLSchema-instance" xsi:noNamespaceSchemaLocation="https://maven.apache.org/surefire/maven-surefire-plugin/xsd/surefire-test-report-3.0.xsd" version="3.0" name="Academy.BrowserTest" time="2.089" tests="1" errors="0" skipped="0" failures="0">
  <properties>
[...]
</properties>
  <testcase name="getData" classname="Academy.BrowserTest" time="2.069">
    <system-out><![CDATA[Hello Guys
RahulShettyAcademy.com Learning
]]></system-out>
    <system-err><![CDATA[Starting ChromeDriver 122.0.6261.111 (9d4c1072da62b411b351a38b9ed6214ab236aa7b-refs/branch-heads/6261@{#1015}) on port 21421
Only local connections are allowed.
Please see https://chromedriver.chromium.org/security-considerations for suggestions on keeping ChromeDriver safe.
ChromeDriver was started successfully.
Mar 12, 2024 12:44:55 PM org.openqa.selenium.remote.ProtocolHandshake createSession
INFO: Detected dialect: W3C
]]></system-err>
  </testcase>
</testsuite>